2025-07-11 03:49:49 | INFO | Initializing url_rewriter_para_request_worker worker with PID 12
2025-07-11 03:49:49 | INFO | Successfully connected on attempt 1
2025-07-11 03:49:49 | INFO | url_rewriter_para_request_worker initialized and ready to process messages
2025-07-11 03:49:49 | INFO | Worker instance created
2025-07-11 03:49:49 | INFO | Got process ID: 12
2025-07-11 03:49:49 | INFO | Registered worker process 12 in registry with tag url_rewriter_para_request_worker_12_1752205789
2025-07-11 03:49:49 | INFO | Starting consuming on article-request-queue
2025-07-11 03:49:50 | INFO | Started url_rewriter_para_request_worker on queue: article-request-queue
2025-07-11 03:49:50 | INFO | Started url_rewriter_para_request_worker with PID: 12, queue: article-request-queue
2025-07-11 03:49:50 | WARNING | Attempt 1: Worker not found in RabbitMQ consumers
2025-07-11 03:49:52 | WARNING | Attempt 2: Worker not found in RabbitMQ consumers
2025-07-11 03:49:54 | WARNING | Attempt 3: Worker not found in RabbitMQ consumers
2025-07-11 03:49:54 | WARNING | No open connection/channel: connecting...
2025-07-11 03:49:54 | INFO | Successfully connected on attempt 1
2025-07-11 03:49:54 | INFO | Consumer registered on queue: article-request-queue
2025-07-11 03:49:54 | INFO | Starting consuming on article-request-queue
2025-07-11 03:49:56 | INFO | Worker url_rewriter_para_request_worker_12_1752205789 verified in RabbitMQ consumers
2025-07-11 03:49:58 | INFO | Processing message from queue: article-request-queue
2025-07-11 03:50:23 | INFO | xxxxxxxxxxxxxxxxxxxxxxxxx url_rewriter_para_request_worker xxxxxxxxxxxxxxxxxxxxxxxxx
2025-07-11 03:50:23 | INFO | Message processed in 24.30 seconds
2025-07-11 03:50:23 | INFO | Message acknowledged
2025-07-11 03:50:28 | WARNING | No open connection/channel: connecting...
2025-07-11 03:50:28 | INFO | Successfully connected on attempt 1
2025-07-11 03:50:28 | INFO | Consumer registered on queue: article-request-queue
2025-07-11 03:50:28 | INFO | Starting consuming on article-request-queue
2025-07-11 03:59:57 | INFO | Initializing url_rewriter_para_request_worker worker with PID 12
2025-07-11 03:59:57 | INFO | Successfully connected on attempt 1
2025-07-11 03:59:57 | INFO | url_rewriter_para_request_worker initialized and ready to process messages
2025-07-11 03:59:57 | INFO | Worker instance created
2025-07-11 03:59:57 | INFO | Got process ID: 12
2025-07-11 03:59:57 | INFO | Registered worker process 12 in registry with tag url_rewriter_para_request_worker_12_1752206397
2025-07-11 03:59:57 | INFO | Starting consuming on article-request-queue
2025-07-11 03:59:58 | INFO | Started url_rewriter_para_request_worker on queue: article-request-queue
2025-07-11 03:59:58 | INFO | Started url_rewriter_para_request_worker with PID: 12, queue: article-request-queue
2025-07-11 03:59:58 | WARNING | Attempt 1: Worker not found in RabbitMQ consumers
2025-07-11 04:00:00 | WARNING | Attempt 2: Worker not found in RabbitMQ consumers
2025-07-11 04:00:02 | WARNING | Attempt 3: Worker not found in RabbitMQ consumers
2025-07-11 04:00:02 | WARNING | No open connection/channel: connecting...
2025-07-11 04:00:02 | INFO | Successfully connected on attempt 1
2025-07-11 04:00:03 | INFO | Consumer registered on queue: article-request-queue
2025-07-11 04:00:03 | INFO | Starting consuming on article-request-queue
2025-07-11 04:00:04 | WARNING | Attempt 4: Worker not found in RabbitMQ consumers
2025-07-11 04:00:06 | INFO | Worker url_rewriter_para_request_worker_12_1752206397 verified in RabbitMQ consumers
2025-07-11 04:00:08 | INFO | Processing message from queue: article-request-queue
2025-07-11 04:00:30 | INFO | xxxxxxxxxxxxxxxxxxxxxxxxx url_rewriter_para_request_worker xxxxxxxxxxxxxxxxxxxxxxxxx
2025-07-11 04:00:30 | INFO | Message processed in 21.80 seconds
2025-07-11 04:00:30 | INFO | Message acknowledged
2025-07-11 04:00:35 | WARNING | No open connection/channel: connecting...
2025-07-11 04:00:35 | INFO | Successfully connected on attempt 1
2025-07-11 04:00:35 | INFO | Consumer registered on queue: article-request-queue
2025-07-11 04:00:35 | INFO | Starting consuming on article-request-queue
2025-07-11 04:53:38 | INFO | Initializing url_rewriter_para_request_worker worker with PID 12
2025-07-11 04:53:39 | INFO | Successfully connected on attempt 1
2025-07-11 04:53:39 | INFO | url_rewriter_para_request_worker initialized and ready to process messages
2025-07-11 09:55:49 | INFO | Initializing url_rewriter_para_request_worker worker with PID 12
2025-07-11 09:55:49 | INFO | Successfully connected on attempt 1
2025-07-11 09:55:49 | INFO | url_rewriter_para_request_worker initialized and ready to process messages
2025-07-11 10:10:49 | INFO | Initializing url_rewriter_para_request_worker worker with PID 12
2025-07-11 10:10:49 | INFO | Successfully connected on attempt 1
2025-07-11 10:10:49 | INFO | url_rewriter_para_request_worker initialized and ready to process messages
2025-07-11 10:16:50 | INFO | Initializing url_rewriter_para_request_worker worker with PID 12
2025-07-11 10:16:50 | INFO | Successfully connected on attempt 1
2025-07-11 10:16:50 | INFO | url_rewriter_para_request_worker initialized and ready to process messages
2025-07-11 11:27:49 | INFO | Initializing url_rewriter_para_request_worker worker with PID 12
2025-07-11 11:27:49 | INFO | Successfully connected on attempt 1
2025-07-11 11:27:49 | INFO | url_rewriter_para_request_worker initialized and ready to process messages
