2025-07-09 09:22:39 | INFO | Initializing url_rewriter_para_request_worker worker with PID 23
2025-07-09 09:22:39 | INFO | Successfully connected on attempt 1
2025-07-09 09:22:39 | INFO | url_rewriter_para_request_worker initialized and ready to process messages
2025-07-09 10:11:14 | INFO | Initializing url_rewriter_para_response_worker worker with PID 23
2025-07-09 10:11:14 | INFO | Successfully connected on attempt 1
2025-07-09 10:11:14 | INFO | url_rewriter_para_response_worker initialized and ready to process messages
2025-07-09 10:28:42 | INFO | Initializing url_rewriter_para_response_worker worker with PID 23
2025-07-09 10:28:42 | INFO | Successfully connected on attempt 1
2025-07-09 10:28:42 | INFO | url_rewriter_para_response_worker initialized and ready to process messages
2025-07-09 10:44:10 | INFO | Initializing url_rewriter_para_response_worker worker with PID 23
2025-07-09 10:44:10 | INFO | Successfully connected on attempt 1
2025-07-09 10:44:10 | INFO | url_rewriter_para_response_worker initialized and ready to process messages
2025-07-09 11:01:54 | INFO | Initializing url_rewriter_para_response_worker worker with PID 23
2025-07-09 11:01:54 | INFO | Successfully connected on attempt 1
2025-07-09 11:01:55 | INFO | url_rewriter_para_response_worker initialized and ready to process messages
2025-07-09 11:16:33 | INFO | Initializing url_rewriter_para_response_worker worker with PID 23
2025-07-09 11:16:33 | INFO | Successfully connected on attempt 1
2025-07-09 11:16:33 | INFO | url_rewriter_para_response_worker initialized and ready to process messages
2025-07-09 11:36:38 | INFO | Initializing url_rewriter_para_response_worker worker with PID 23
2025-07-09 11:36:38 | INFO | Successfully connected on attempt 1
2025-07-09 11:36:38 | INFO | url_rewriter_para_response_worker initialized and ready to process messages
